[17:04:30] [F-S-S/INFO] -----------------------------------------------
[17:04:30] [F-S-S/INFO] FORGE-Server-Starter
[17:04:30] [F-S-S/INFO] Now support MinecraftForge and NeoForged
[17:04:30] [F-S-S/INFO] 
[17:04:30] [F-S-S/INFO] By HellBz.de
[17:04:30] [F-S-S/INFO] 
[17:04:30] [F-S-S/INFO] -----------------------------------------------
[17:04:30] [F-S-S/INFO] Checking System ...
[17:04:30] [F-S-S/INFO] Checking Internet... Connected to the Web.
[17:04:32] [F-S-S/INFO] ----------------------------------------------------------------
[17:04:32] [F-S-S/INFO] You have the latest version of F-S-S, with: 3.5.7
[17:04:32] [F-S-S/INFO] Latest Update if from: 2024-04-17T02:09:46.000+02:00 on GitHub.
[17:04:32] [F-S-S/INFO] You find all Versions there:
[17:04:32] [F-S-S/INFO] https://www.curseforge.com/minecraft/mc-mods/forge-server-starter
[17:04:32] [F-S-S/INFO] ----------------------------------------------------------------
[17:04:32] [F-S-S/INFO] Found Minecraft: 1.20.1 with Forge-Version: 47.4.2
[17:04:32] [F-S-S/INFO] Building Startup-Parameter ...
[17:04:32] [F-S-S/INFO] Eula-File is already accepted.
[17:04:32] [F-S-S/INFO] 
[17:04:32] [F-S-S/INFO] Server is Running in TimeZone: UTC
[17:04:32] [F-S-S/INFO] Setup your own timezone in server_starter.conf
[17:04:32] [F-S-S/INFO] 
[17:04:32] [F-S-S/INFO] Start Forge 47.4.2 Server
[17:04:32] [F-S-S/INFO] -----------------------------------------------
[17:26:28] [F-S-S/WARNING] Server is successfully stopped.
